<?xml version="1.0" encoding="UTF-8"?>
<!-- Generated by org.testng.reporters.JUnitReportReporter -->
<testsuite skipped="0" hostname="hp" name="com.mercury.tests.TC001_RegisterUser" tests="2" failures="0" timestamp="16 Jan 2018 17:12:10 GMT" time="35.431" errors="0">
  <testcase name="registeruser" time="18.261" classname="com.mercury.tests.TC001_RegisterUser"/>
  <testcase name="registeruser" time="17.170" classname="com.mercury.tests.TC001_RegisterUser"/>
</testsuite> <!-- com.mercury.tests.TC001_RegisterUser -->
