<?xml version="1.0" encoding="UTF-8"?>
<!-- Generated by org.testng.reporters.JUnitReportReporter -->
<testsuite skipped="0" hostname="hp" name="SeleniumPractice.PopUp" tests="1" failures="0" timestamp="20 Jan 2018 11:01:20 GMT" time="11.149" errors="0">
  <testcase name="handlePopUp" time="11.149" classname="SeleniumPractice.PopUp"/>
</testsuite> <!-- SeleniumPractice.PopUp -->
