<?xml version="1.0" encoding="UTF-8"?>
<!-- Generated by org.testng.reporters.JUnitReportReporter -->
<testsuite skipped="0" hostname="hp" name="SeleniumPractice.MultipleWindows" tests="1" failures="0" timestamp="19 Jan 2018 17:37:14 GMT" time="13.658" errors="0">
  <testcase name="testmultipleWindows" time="13.658" classname="SeleniumPractice.MultipleWindows"/>
</testsuite> <!-- SeleniumPractice.MultipleWindows -->
